{
  "uid" : "43f46b7bd19793e8",
  "name" : "Страница авторизации",
  "fullName" : "com.dilara.badretdinova.AuthorizationTest.authorization",
  "historyId" : "bb22f2aefa51e6ae97782857d14f4534",
  "time" : {
    "start" : 1518426328842,
    "stop" : 1518426330815,
    "duration" : 1973
  },
  "description" : "Ввод логина и пароля на странице авторизации",
  "descriptionHtml" : "<p>Ввод логина и пароля на странице авторизации</p>\n",
  "status" : "failed",
  "statusDetails" : {
    "message" : "AssertionError: expected [BilalovaLR] but found [BilalovLR]",
    "trace" : "java.lang.AssertionError: expected [BilalovaLR] but found [BilalovLR]\n\tat org.testng.Assert.fail(Assert.java:96)\n\tat org.testng.Assert.failNotEquals(Assert.java:776)\n\tat org.testng.Assert.assertEqualsImpl(Assert.java:137)\n\tat org.testng.Assert.assertEquals(Assert.java:118)\n\tat org.testng.Assert.assertEquals(Assert.java:453)\n\tat org.testng.Assert.assertEquals(Assert.java:463)\n\tat com.dilara.badretdinova.AuthorizationTest.authorization(AuthorizationTest.java:45)\n\tat sun.reflect.NativeMethodAccessorImpl.invoke0(Native Method)\n\tat sun.reflect.NativeMethodAccessorImpl.invoke(NativeMethodAccessorImpl.java:62)\n\tat sun.reflect.DelegatingMethodAccessorImpl.invoke(DelegatingMethodAccessorImpl.java:43)\n\tat java.lang.reflect.Method.invoke(Method.java:498)\n\tat org.testng.internal.MethodInvocationHelper.invokeMethod(MethodInvocationHelper.java:124)\n\tat org.testng.internal.Invoker.invokeMethod(Invoker.java:571)\n\tat org.testng.internal.Invoker.invokeTestMethod(Invoker.java:707)\n\tat org.testng.internal.Invoker.invokeTestMethods(Invoker.java:979)\n\tat org.testng.internal.TestMethodWorker.invokeTestMethods(TestMethodWorker.java:125)\n\tat org.testng.internal.TestMethodWorker.run(TestMethodWorker.java:109)\n\tat org.testng.TestRunner.privateRun(TestRunner.java:648)\n\tat org.testng.TestRunner.run(TestRunner.java:505)\n\tat org.testng.SuiteRunner.runTest(SuiteRunner.java:455)\n\tat org.testng.SuiteRunner.runSequentially(SuiteRunner.java:450)\n\tat org.testng.SuiteRunner.privateRun(SuiteRunner.java:415)\n\tat org.testng.SuiteRunner.run(SuiteRunner.java:364)\n\tat org.testng.SuiteRunnerWorker.runSuite(SuiteRunnerWorker.java:52)\n\tat org.testng.SuiteRunnerWorker.run(SuiteRunnerWorker.java:84)\n\tat org.testng.TestNG.runSuitesSequentially(TestNG.java:1187)\n\tat org.testng.TestNG.runSuitesLocally(TestNG.java:1116)\n\tat org.testng.TestNG.runSuites(TestNG.java:1028)\n\tat org.testng.TestNG.run(TestNG.java:996)\n\tat org.apache.maven.surefire.testng.TestNGExecutor.run(TestNGExecutor.java:135)\n\tat org.apache.maven.surefire.testng.TestNGDirectoryTestSuite.executeMulti(TestNGDirectoryTestSuite.java:193)\n\tat org.apache.maven.surefire.testng.TestNGDirectoryTestSuite.execute(TestNGDirectoryTestSuite.java:94)\n\tat org.apache.maven.surefire.testng.TestNGProvider.invoke(TestNGProvider.java:146)\n\tat org.apache.maven.surefire.booter.ForkedBooter.invokeProviderInSameClassLoader(ForkedBooter.java:373)\n\tat org.apache.maven.surefire.booter.ForkedBooter.runSuitesInProcess(ForkedBooter.java:334)\n\tat org.apache.maven.surefire.booter.ForkedBooter.execute(ForkedBooter.java:119)\n\tat org.apache.maven.surefire.booter.ForkedBooter.main(ForkedBooter.java:407)\n",
    "flaky" : false
  },
  "beforeStages" : [ ],
  "testStage" : {
    "status" : "failed",
    "statusDetails" : {
      "message" : "AssertionError: expected [BilalovaLR] but found [BilalovLR]",
      "trace" : "java.lang.AssertionError: expected [BilalovaLR] but found [BilalovLR]\n\tat org.testng.Assert.fail(Assert.java:96)\n\tat org.testng.Assert.failNotEquals(Assert.java:776)\n\tat org.testng.Assert.assertEqualsImpl(Assert.java:137)\n\tat org.testng.Assert.assertEquals(Assert.java:118)\n\tat org.testng.Assert.assertEquals(Assert.java:453)\n\tat org.testng.Assert.assertEquals(Assert.java:463)\n\tat com.dilara.badretdinova.AuthorizationTest.authorization(AuthorizationTest.java:45)\n\tat sun.reflect.NativeMethodAccessorImpl.invoke0(Native Method)\n\tat sun.reflect.NativeMethodAccessorImpl.invoke(NativeMethodAccessorImpl.java:62)\n\tat sun.reflect.DelegatingMethodAccessorImpl.invoke(DelegatingMethodAccessorImpl.java:43)\n\tat java.lang.reflect.Method.invoke(Method.java:498)\n\tat org.testng.internal.MethodInvocationHelper.invokeMethod(MethodInvocationHelper.java:124)\n\tat org.testng.internal.Invoker.invokeMethod(Invoker.java:571)\n\tat org.testng.internal.Invoker.invokeTestMethod(Invoker.java:707)\n\tat org.testng.internal.Invoker.invokeTestMethods(Invoker.java:979)\n\tat org.testng.internal.TestMethodWorker.invokeTestMethods(TestMethodWorker.java:125)\n\tat org.testng.internal.TestMethodWorker.run(TestMethodWorker.java:109)\n\tat org.testng.TestRunner.privateRun(TestRunner.java:648)\n\tat org.testng.TestRunner.run(TestRunner.java:505)\n\tat org.testng.SuiteRunner.runTest(SuiteRunner.java:455)\n\tat org.testng.SuiteRunner.runSequentially(SuiteRunner.java:450)\n\tat org.testng.SuiteRunner.privateRun(SuiteRunner.java:415)\n\tat org.testng.SuiteRunner.run(SuiteRunner.java:364)\n\tat org.testng.SuiteRunnerWorker.runSuite(SuiteRunnerWorker.java:52)\n\tat org.testng.SuiteRunnerWorker.run(SuiteRunnerWorker.java:84)\n\tat org.testng.TestNG.runSuitesSequentially(TestNG.java:1187)\n\tat org.testng.TestNG.runSuitesLocally(TestNG.java:1116)\n\tat org.testng.TestNG.runSuites(TestNG.java:1028)\n\tat org.testng.TestNG.run(TestNG.java:996)\n\tat org.apache.maven.surefire.testng.TestNGExecutor.run(TestNGExecutor.java:135)\n\tat org.apache.maven.surefire.testng.TestNGDirectoryTestSuite.executeMulti(TestNGDirectoryTestSuite.java:193)\n\tat org.apache.maven.surefire.testng.TestNGDirectoryTestSuite.execute(TestNGDirectoryTestSuite.java:94)\n\tat org.apache.maven.surefire.testng.TestNGProvider.invoke(TestNGProvider.java:146)\n\tat org.apache.maven.surefire.booter.ForkedBooter.invokeProviderInSameClassLoader(ForkedBooter.java:373)\n\tat org.apache.maven.surefire.booter.ForkedBooter.runSuitesInProcess(ForkedBooter.java:334)\n\tat org.apache.maven.surefire.booter.ForkedBooter.execute(ForkedBooter.java:119)\n\tat org.apache.maven.surefire.booter.ForkedBooter.main(ForkedBooter.java:407)\n",
      "flaky" : false
    },
    "steps" : [ ],
    "attachments" : [ {
      "uid" : "4836636692c7d187",
      "name" : "Page screenshot",
      "source" : "4836636692c7d187.png",
      "type" : "image/png",
      "size" : 84965
    } ],
    "parameters" : [ ],
    "attachmentsCount" : 1,
    "shouldDisplayMessage" : true,
    "hasContent" : true,
    "stepsCount" : 0
  },
  "afterStages" : [ ],
  "labels" : [ {
    "name" : "framework",
    "value" : "TestNG"
  }, {
    "name" : "host",
    "value" : "DESKTOP-L22C96I"
  }, {
    "name" : "language",
    "value" : "JAVA"
  }, {
    "name" : "testClass",
    "value" : "com.dilara.badretdinova.AuthorizationTest"
  }, {
    "name" : "testGroup",
    "value" : "Surefire test"
  }, {
    "name" : "testMethod",
    "value" : "authorization"
  }, {
    "name" : "testSuite",
    "value" : "Surefire suite"
  }, {
    "name" : "thread",
    "value" : "30204@DESKTOP-L22C96I.main(1)"
  }, {
    "name" : "parentSuite",
    "value" : "Surefire suite"
  }, {
    "name" : "suite",
    "value" : "Surefire test"
  }, {
    "name" : "subSuite",
    "value" : "com.dilara.badretdinova.AuthorizationTest"
  }, {
    "name" : "package",
    "value" : "com.dilara.badretdinova.AuthorizationTest"
  }, {
    "name" : "resultFormat",
    "value" : "allure1"
  } ],
  "parameters" : [ ],
  "links" : [ ],
  "hidden" : false,
  "extra" : {
    "severity" : "normal",
    "retries" : [ ],
    "categories" : [ {
      "name" : "Product defects",
      "matchedStatuses" : [ ],
      "flaky" : false
    } ],
    "tags" : [ ]
  },
  "statusMessage" : {
    "present" : true
  },
  "source" : "43f46b7bd19793e8.json",
  "statusDetailsSafe" : {
    "message" : "AssertionError: expected [BilalovaLR] but found [BilalovLR]",
    "trace" : "java.lang.AssertionError: expected [BilalovaLR] but found [BilalovLR]\n\tat org.testng.Assert.fail(Assert.java:96)\n\tat org.testng.Assert.failNotEquals(Assert.java:776)\n\tat org.testng.Assert.assertEqualsImpl(Assert.java:137)\n\tat org.testng.Assert.assertEquals(Assert.java:118)\n\tat org.testng.Assert.assertEquals(Assert.java:453)\n\tat org.testng.Assert.assertEquals(Assert.java:463)\n\tat com.dilara.badretdinova.AuthorizationTest.authorization(AuthorizationTest.java:45)\n\tat sun.reflect.NativeMethodAccessorImpl.invoke0(Native Method)\n\tat sun.reflect.NativeMethodAccessorImpl.invoke(NativeMethodAccessorImpl.java:62)\n\tat sun.reflect.DelegatingMethodAccessorImpl.invoke(DelegatingMethodAccessorImpl.java:43)\n\tat java.lang.reflect.Method.invoke(Method.java:498)\n\tat org.testng.internal.MethodInvocationHelper.invokeMethod(MethodInvocationHelper.java:124)\n\tat org.testng.internal.Invoker.invokeMethod(Invoker.java:571)\n\tat org.testng.internal.Invoker.invokeTestMethod(Invoker.java:707)\n\tat org.testng.internal.Invoker.invokeTestMethods(Invoker.java:979)\n\tat org.testng.internal.TestMethodWorker.invokeTestMethods(TestMethodWorker.java:125)\n\tat org.testng.internal.TestMethodWorker.run(TestMethodWorker.java:109)\n\tat org.testng.TestRunner.privateRun(TestRunner.java:648)\n\tat org.testng.TestRunner.run(TestRunner.java:505)\n\tat org.testng.SuiteRunner.runTest(SuiteRunner.java:455)\n\tat org.testng.SuiteRunner.runSequentially(SuiteRunner.java:450)\n\tat org.testng.SuiteRunner.privateRun(SuiteRunner.java:415)\n\tat org.testng.SuiteRunner.run(SuiteRunner.java:364)\n\tat org.testng.SuiteRunnerWorker.runSuite(SuiteRunnerWorker.java:52)\n\tat org.testng.SuiteRunnerWorker.run(SuiteRunnerWorker.java:84)\n\tat org.testng.TestNG.runSuitesSequentially(TestNG.java:1187)\n\tat org.testng.TestNG.runSuitesLocally(TestNG.java:1116)\n\tat org.testng.TestNG.runSuites(TestNG.java:1028)\n\tat org.testng.TestNG.run(TestNG.java:996)\n\tat org.apache.maven.surefire.testng.TestNGExecutor.run(TestNGExecutor.java:135)\n\tat org.apache.maven.surefire.testng.TestNGDirectoryTestSuite.executeMulti(TestNGDirectoryTestSuite.java:193)\n\tat org.apache.maven.surefire.testng.TestNGDirectoryTestSuite.execute(TestNGDirectoryTestSuite.java:94)\n\tat org.apache.maven.surefire.testng.TestNGProvider.invoke(TestNGProvider.java:146)\n\tat org.apache.maven.surefire.booter.ForkedBooter.invokeProviderInSameClassLoader(ForkedBooter.java:373)\n\tat org.apache.maven.surefire.booter.ForkedBooter.runSuitesInProcess(ForkedBooter.java:334)\n\tat org.apache.maven.surefire.booter.ForkedBooter.execute(ForkedBooter.java:119)\n\tat org.apache.maven.surefire.booter.ForkedBooter.main(ForkedBooter.java:407)\n",
    "flaky" : false
  },
  "parameterValues" : [ ]
}