<html>
<head>
<title>TestNG:  Surefire test</title>
<link href="../testng.css" rel="stylesheet" type="text/css" />
<link href="../my-testng.css" rel="stylesheet" type="text/css" />

<style type="text/css">
.log { display: none;} 
.stack-trace { display: none;} 
</style>
<script type="text/javascript">
<!--
function flip(e) {
  current = e.style.display;
  if (current == 'block') {
    e.style.display = 'none';
    return 0;
  }
  else {
    e.style.display = 'block';
    return 1;
  }
}

function toggleBox(szDivId, elem, msg1, msg2)
{
  var res = -1;  if (document.getElementById) {
    res = flip(document.getElementById(szDivId));
  }
  else if (document.all) {
    // this is the way old msie versions work
    res = flip(document.all[szDivId]);
  }
  if(elem) {
    if(res == 0) elem.innerHTML = msg1; else elem.innerHTML = msg2;
  }

}

function toggleAllBoxes() {
  if (document.getElementsByTagName) {
    d = document.getElementsByTagName('div');
    for (i = 0; i < d.length; i++) {
      if (d[i].className == 'log') {
        flip(d[i]);
      }
    }
  }
}

// -->
</script>

</head>
<body>
<h2 align='center'>Surefire test</h2><table border='1' align="center">
<tr>
<td>Tests passed/Failed/Skipped:</td><td>8/1/0</td>
</tr><tr>
<td>Started on:</td><td>Mon Feb 12 12:05:07 MSK 2018</td>
</tr>
<tr><td>Total time:</td><td>47 seconds (47482 ms)</td>
</tr><tr>
<td>Included groups:</td><td></td>
</tr><tr>
<td>Excluded groups:</td><td></td>
</tr>
</table><p/>
<small><i>(Hover the method name to see the test class name)</i></small><p/>
<table width='100%' border='1' class='invocation-failed'>
<tr><td colspan='4' align='center'><b>FAILED TESTS</b></td></tr>
<tr><td><b>Test method</b></td>
<td width="30%"><b>Exception</b></td>
<td width="10%"><b>Time (seconds)</b></td>
<td><b>Instance</b></td>
</tr>
<tr>
<td title='com.dilara.badretdinova.AuthorizationTest.authorization()'><b>authorization</b><br>Test class: com.dilara.badretdinova.AuthorizationTest</td>
<td><div><pre>java.lang.AssertionError: expected [BilalovaLR] but found [BilalovLR]
	at com.dilara.badretdinova.AuthorizationTest.authorization(AuthorizationTest.java:45)
... Removed 36 stack frames</pre></div><a href='#' onClick='toggleBox("stack-trace971900841", this, "Click to show all stack frames", "Click to hide stack frames")'>Click to show all stack frames</a>
<div class='stack-trace' id='stack-trace971900841'><pre>java.lang.AssertionError: expected [BilalovaLR] but found [BilalovLR]
	at org.testng.Assert.fail(Assert.java:96)
	at org.testng.Assert.failNotEquals(Assert.java:776)
	at org.testng.Assert.assertEqualsImpl(Assert.java:137)
	at org.testng.Assert.assertEquals(Assert.java:118)
	at org.testng.Assert.assertEquals(Assert.java:453)
	at org.testng.Assert.assertEquals(Assert.java:463)
	at com.dilara.badretdinova.AuthorizationTest.authorization(AuthorizationTest.java:45)
	at sun.reflect.NativeMethodAccessorImpl.invoke0(Native Method)
	at sun.reflect.NativeMethodAccessorImpl.invoke(NativeMethodAccessorImpl.java:62)
	at sun.reflect.DelegatingMethodAccessorImpl.invoke(DelegatingMethodAccessorImpl.java:43)
	at java.lang.reflect.Method.invoke(Method.java:498)
	at org.testng.internal.MethodInvocationHelper.invokeMethod(MethodInvocationHelper.java:124)
	at org.testng.internal.Invoker.invokeMethod(Invoker.java:571)
	at org.testng.internal.Invoker.invokeTestMethod(Invoker.java:707)
	at org.testng.internal.Invoker.invokeTestMethods(Invoker.java:979)
	at org.testng.internal.TestMethodWorker.invokeTestMethods(TestMethodWorker.java:125)
	at org.testng.internal.TestMethodWorker.run(TestMethodWorker.java:109)
	at org.testng.TestRunner.privateRun(TestRunner.java:648)
	at org.testng.TestRunner.run(TestRunner.java:505)
	at org.testng.SuiteRunner.runTest(SuiteRunner.java:455)
	at org.testng.SuiteRunner.runSequentially(SuiteRunner.java:450)
	at org.testng.SuiteRunner.privateRun(SuiteRunner.java:415)
	at org.testng.SuiteRunner.run(SuiteRunner.java:364)
	at org.testng.SuiteRunnerWorker.runSuite(SuiteRunnerWorker.java:52)
	at org.testng.SuiteRunnerWorker.run(SuiteRunnerWorker.java:84)
	at org.testng.TestNG.runSuitesSequentially(TestNG.java:1187)
	at org.testng.TestNG.runSuitesLocally(TestNG.java:1116)
	at org.testng.TestNG.runSuites(TestNG.java:1028)
	at org.testng.TestNG.run(TestNG.java:996)
	at org.apache.maven.surefire.testng.TestNGExecutor.run(TestNGExecutor.java:135)
	at org.apache.maven.surefire.testng.TestNGDirectoryTestSuite.executeMulti(TestNGDirectoryTestSuite.java:193)
	at org.apache.maven.surefire.testng.TestNGDirectoryTestSuite.execute(TestNGDirectoryTestSuite.java:94)
	at org.apache.maven.surefire.testng.TestNGProvider.invoke(TestNGProvider.java:146)
	at org.apache.maven.surefire.booter.ForkedBooter.invokeProviderInSameClassLoader(ForkedBooter.java:373)
	at org.apache.maven.surefire.booter.ForkedBooter.runSuitesInProcess(ForkedBooter.java:334)
	at org.apache.maven.surefire.booter.ForkedBooter.execute(ForkedBooter.java:119)
	at org.apache.maven.surefire.booter.ForkedBooter.main(ForkedBooter.java:407)
</pre></div></td>
<td>1</td>
<td>com.dilara.badretdinova.AuthorizationTest@10c2064a</td></tr>
</table><p>
<table width='100%' border='1' class='invocation-passed'>
<tr><td colspan='4' align='center'><b>PASSED TESTS</b></td></tr>
<tr><td><b>Test method</b></td>
<td width="30%"><b>Exception</b></td>
<td width="10%"><b>Time (seconds)</b></td>
<td><b>Instance</b></td>
</tr>
<tr>
<td title='com.dilara.badretdinova.ButtonCreateNewPPTest.clickButtonCreateNewPP()'><b>clickButtonCreateNewPP</b><br>Test class: com.dilara.badretdinova.ButtonCreateNewPPTest</td>
<td></td>
<td>0</td>
<td>com.dilara.badretdinova.ButtonCreateNewPPTest@70e13fa</td></tr>
<tr>
<td title='com.dilara.badretdinova.DeleteMessagesTest.deleteMessage()'><b>deleteMessage</b><br>Test class: com.dilara.badretdinova.DeleteMessagesTest</td>
<td></td>
<td>1</td>
<td>com.dilara.badretdinova.DeleteMessagesTest@280d9edc</td></tr>
<tr>
<td title='com.dilara.badretdinova.CreateNewDocPPTest.verificationCodeEnter()'><b>verificationCodeEnter</b><br>Test class: com.dilara.badretdinova.CreateNewDocPPTest</td>
<td></td>
<td>1</td>
<td>com.dilara.badretdinova.CreateNewDocPPTest@6ff415ad</td></tr>
<tr>
<td title='com.dilara.badretdinova.CreateNewDocPPTest.verificationDocDate()'><b>verificationDocDate</b><br>Test class: com.dilara.badretdinova.CreateNewDocPPTest</td>
<td></td>
<td>0</td>
<td>com.dilara.badretdinova.CreateNewDocPPTest@6ff415ad</td></tr>
<tr>
<td title='com.dilara.badretdinova.CreateNewDocPPTest.verificationDocNumber()'><b>verificationDocNumber</b><br>Test class: com.dilara.badretdinova.CreateNewDocPPTest</td>
<td></td>
<td>1</td>
<td>com.dilara.badretdinova.CreateNewDocPPTest@6ff415ad</td></tr>
<tr>
<td title='com.dilara.badretdinova.CreateNewDocPPTest.verificationPriorityTypeOfPayment()'><b>verificationPriorityTypeOfPayment</b><br>Test class: com.dilara.badretdinova.CreateNewDocPPTest</td>
<td></td>
<td>1</td>
<td>com.dilara.badretdinova.CreateNewDocPPTest@6ff415ad</td></tr>
<tr>
<td title='com.dilara.badretdinova.CreateNewDocPPTest.verificationTemplate()'><b>verificationTemplate</b><br>Test class: com.dilara.badretdinova.CreateNewDocPPTest</td>
<td></td>
<td>1</td>
<td>com.dilara.badretdinova.CreateNewDocPPTest@6ff415ad</td></tr>
<tr>
<td title='com.dilara.badretdinova.CreateNewDocPPTest.verificationTypePayment()'><b>verificationTypePayment</b><br>Test class: com.dilara.badretdinova.CreateNewDocPPTest</td>
<td></td>
<td>0</td>
<td>com.dilara.badretdinova.CreateNewDocPPTest@6ff415ad</td></tr>
</table><p>
</body>
</html>