<?xml version="1.0" encoding="UTF-8" standalone="yes"?>
<ns2:test-suite start="1518426307621" stop="1518426355136" version="1.5.4" xmlns:ns2="urn:model.allure.qatools.yandex.ru">
    <name>Surefire suite : Surefire test</name>
    <title>Surefire suite : Surefire test</title>
    <test-cases>
        <test-case start="1518426328842" stop="1518426330815" status="failed">
            <name>authorization</name>
            <title>Страница авторизации</title>
            <description type="text">Ввод логина и пароля на странице авторизации</description>
            <failure>
                <message>AssertionError: expected [BilalovaLR] but found [BilalovLR]</message>
                <stack-trace>java.lang.AssertionError: expected [BilalovaLR] but found [BilalovLR]
	at org.testng.Assert.fail(Assert.java:96)
	at org.testng.Assert.failNotEquals(Assert.java:776)
	at org.testng.Assert.assertEqualsImpl(Assert.java:137)
	at org.testng.Assert.assertEquals(Assert.java:118)
	at org.testng.Assert.assertEquals(Assert.java:453)
	at org.testng.Assert.assertEquals(Assert.java:463)
	at com.dilara.badretdinova.AuthorizationTest.authorization(AuthorizationTest.java:45)
	at sun.reflect.NativeMethodAccessorImpl.invoke0(Native Method)
	at sun.reflect.NativeMethodAccessorImpl.invoke(NativeMethodAccessorImpl.java:62)
	at sun.reflect.DelegatingMethodAccessorImpl.invoke(DelegatingMethodAccessorImpl.java:43)
	at java.lang.reflect.Method.invoke(Method.java:498)
	at org.testng.internal.MethodInvocationHelper.invokeMethod(MethodInvocationHelper.java:124)
	at org.testng.internal.Invoker.invokeMethod(Invoker.java:571)
	at org.testng.internal.Invoker.invokeTestMethod(Invoker.java:707)
	at org.testng.internal.Invoker.invokeTestMethods(Invoker.java:979)
	at org.testng.internal.TestMethodWorker.invokeTestMethods(TestMethodWorker.java:125)
	at org.testng.internal.TestMethodWorker.run(TestMethodWorker.java:109)
	at org.testng.TestRunner.privateRun(TestRunner.java:648)
	at org.testng.TestRunner.run(TestRunner.java:505)
	at org.testng.SuiteRunner.runTest(SuiteRunner.java:455)
	at org.testng.SuiteRunner.runSequentially(SuiteRunner.java:450)
	at org.testng.SuiteRunner.privateRun(SuiteRunner.java:415)
	at org.testng.SuiteRunner.run(SuiteRunner.java:364)
	at org.testng.SuiteRunnerWorker.runSuite(SuiteRunnerWorker.java:52)
	at org.testng.SuiteRunnerWorker.run(SuiteRunnerWorker.java:84)
	at org.testng.TestNG.runSuitesSequentially(TestNG.java:1187)
	at org.testng.TestNG.runSuitesLocally(TestNG.java:1116)
	at org.testng.TestNG.runSuites(TestNG.java:1028)
	at org.testng.TestNG.run(TestNG.java:996)
	at org.apache.maven.surefire.testng.TestNGExecutor.run(TestNGExecutor.java:135)
	at org.apache.maven.surefire.testng.TestNGDirectoryTestSuite.executeMulti(TestNGDirectoryTestSuite.java:193)
	at org.apache.maven.surefire.testng.TestNGDirectoryTestSuite.execute(TestNGDirectoryTestSuite.java:94)
	at org.apache.maven.surefire.testng.TestNGProvider.invoke(TestNGProvider.java:146)
	at org.apache.maven.surefire.booter.ForkedBooter.invokeProviderInSameClassLoader(ForkedBooter.java:373)
	at org.apache.maven.surefire.booter.ForkedBooter.runSuitesInProcess(ForkedBooter.java:334)
	at org.apache.maven.surefire.booter.ForkedBooter.execute(ForkedBooter.java:119)
	at org.apache.maven.surefire.booter.ForkedBooter.main(ForkedBooter.java:407)
</stack-trace>
            </failure>
            <steps/>
            <attachments>
                <attachment title="Page screenshot" source="ca583575-db2b-4c41-8c76-5688cd876b25-attachment.png" type="image/png"/>
            </attachments>
            <labels>
                <label name="testSuite" value="Surefire suite"/>
                <label name="testGroup" value="Surefire test"/>
                <label name="testClass" value="com.dilara.badretdinova.AuthorizationTest"/>
                <label name="testMethod" value="authorization"/>
                <label name="host" value="DESKTOP-L22C96I"/>
                <label name="thread" value="30204@DESKTOP-L22C96I.main(1)"/>
            </labels>
        </test-case>
        <test-case start="1518426332702" stop="1518426333032" status="passed">
            <name>clickButtonCreateNewPP</name>
            <title>Кнопка 'Создать ПП'</title>
            <description type="text">Проверка кнопки 'Создать ПП'</description>
            <steps/>
            <attachments/>
            <labels>
                <label name="testSuite" value="Surefire suite"/>
                <label name="testGroup" value="Surefire test"/>
                <label name="testClass" value="com.dilara.badretdinova.ButtonCreateNewPPTest"/>
                <label name="testMethod" value="clickButtonCreateNewPP"/>
                <label name="host" value="DESKTOP-L22C96I"/>
                <label name="thread" value="30204@DESKTOP-L22C96I.main(1)"/>
            </labels>
        </test-case>
        <test-case start="1518426334978" stop="1518426336205" status="passed">
            <name>verificationCodeEnter</name>
            <title>Проверка поля Код</title>
            <steps/>
            <attachments/>
            <labels>
                <label name="testSuite" value="Surefire suite"/>
                <label name="testGroup" value="Surefire test"/>
                <label name="testClass" value="com.dilara.badretdinova.CreateNewDocPPTest"/>
                <label name="testMethod" value="verificationCodeEnter"/>
                <label name="host" value="DESKTOP-L22C96I"/>
                <label name="thread" value="30204@DESKTOP-L22C96I.main(1)"/>
            </labels>
        </test-case>
        <test-case start="1518426337942" stop="1518426338766" status="passed">
            <name>verificationDocDate</name>
            <title>Проверка поля Дата документа</title>
            <steps/>
            <attachments/>
            <labels>
                <label name="testSuite" value="Surefire suite"/>
                <label name="testGroup" value="Surefire test"/>
                <label name="testClass" value="com.dilara.badretdinova.CreateNewDocPPTest"/>
                <label name="testMethod" value="verificationDocDate"/>
                <label name="host" value="DESKTOP-L22C96I"/>
                <label name="thread" value="30204@DESKTOP-L22C96I.main(1)"/>
            </labels>
        </test-case>
        <test-case start="1518426340584" stop="1518426342086" status="passed">
            <name>verificationDocNumber</name>
            <title>Проверка поля Номер документа</title>
            <steps/>
            <attachments/>
            <labels>
                <label name="testSuite" value="Surefire suite"/>
                <label name="testGroup" value="Surefire test"/>
                <label name="testClass" value="com.dilara.badretdinova.CreateNewDocPPTest"/>
                <label name="testMethod" value="verificationDocNumber"/>
                <label name="host" value="DESKTOP-L22C96I"/>
                <label name="thread" value="30204@DESKTOP-L22C96I.main(1)"/>
            </labels>
        </test-case>
        <test-case start="1518426343864" stop="1518426345225" status="passed">
            <name>verificationPriorityTypeOfPayment</name>
            <title>Проверка Очередность платежа</title>
            <steps/>
            <attachments/>
            <labels>
                <label name="testSuite" value="Surefire suite"/>
                <label name="testGroup" value="Surefire test"/>
                <label name="testClass" value="com.dilara.badretdinova.CreateNewDocPPTest"/>
                <label name="testMethod" value="verificationPriorityTypeOfPayment"/>
                <label name="host" value="DESKTOP-L22C96I"/>
                <label name="thread" value="30204@DESKTOP-L22C96I.main(1)"/>
            </labels>
        </test-case>
        <test-case start="1518426347007" stop="1518426348802" status="passed">
            <name>verificationTemplate</name>
            <title>Проверка списка Шаблоны</title>
            <steps/>
            <attachments/>
            <labels>
                <label name="testSuite" value="Surefire suite"/>
                <label name="testGroup" value="Surefire test"/>
                <label name="testClass" value="com.dilara.badretdinova.CreateNewDocPPTest"/>
                <label name="testMethod" value="verificationTemplate"/>
                <label name="host" value="DESKTOP-L22C96I"/>
                <label name="thread" value="30204@DESKTOP-L22C96I.main(1)"/>
            </labels>
        </test-case>
        <test-case start="1518426350562" stop="1518426351488" status="passed">
            <name>verificationTypePayment</name>
            <title>Проверка списка Вид платежа</title>
            <steps/>
            <attachments/>
            <labels>
                <label name="testSuite" value="Surefire suite"/>
                <label name="testGroup" value="Surefire test"/>
                <label name="testClass" value="com.dilara.badretdinova.CreateNewDocPPTest"/>
                <label name="testMethod" value="verificationTypePayment"/>
                <label name="host" value="DESKTOP-L22C96I"/>
                <label name="thread" value="30204@DESKTOP-L22C96I.main(1)"/>
            </labels>
        </test-case>
        <test-case start="1518426353313" stop="1518426355089" status="passed">
            <name>deleteMessage</name>
            <title>Удаление сообщения из справочника</title>
            <description type="text">Создать новое сообщение, затем отменить удаление и удалить</description>
            <steps/>
            <attachments/>
            <labels>
                <label name="testSuite" value="Surefire suite"/>
                <label name="testGroup" value="Surefire test"/>
                <label name="testClass" value="com.dilara.badretdinova.DeleteMessagesTest"/>
                <label name="testMethod" value="deleteMessage"/>
                <label name="host" value="DESKTOP-L22C96I"/>
                <label name="thread" value="30204@DESKTOP-L22C96I.main(1)"/>
            </labels>
        </test-case>
    </test-cases>
    <labels>
        <label name="framework" value="TestNG"/>
        <label name="language" value="JAVA"/>
    </labels>
</ns2:test-suite>
