<?xml version="1.0" encoding="UTF-8" standalone="yes"?>
<ns2:test-suite start="1518181326602" stop="1518181381293" version="1.5.4" xmlns:ns2="urn:model.allure.qatools.yandex.ru">
    <name>Default Suite : Test_VTB</name>
    <title>Default Suite : Test_VTB</title>
    <test-cases>
        <test-case start="1518181353834" stop="1518181355844" status="failed">
            <name>authorization</name>
            <title>Страница авторизации</title>
            <description type="text">Ввод логина и пароля на странице авторизации</description>
            <failure>
                <message>AssertionError: expected [BilalovaLR] but found [BilalovLR]</message>
                <stack-trace>java.lang.AssertionError: expected [BilalovaLR] but found [BilalovLR]
	at org.testng.Assert.fail(Assert.java:96)
	at org.testng.Assert.failNotEquals(Assert.java:776)
	at org.testng.Assert.assertEqualsImpl(Assert.java:137)
	at org.testng.Assert.assertEquals(Assert.java:118)
	at org.testng.Assert.assertEquals(Assert.java:453)
	at org.testng.Assert.assertEquals(Assert.java:463)
	at com.dilara.badretdinova.AuthorizationTest.authorization(AuthorizationTest.java:48)
	at sun.reflect.NativeMethodAccessorImpl.invoke0(Native Method)
	at sun.reflect.NativeMethodAccessorImpl.invoke(NativeMethodAccessorImpl.java:62)
	at sun.reflect.DelegatingMethodAccessorImpl.invoke(DelegatingMethodAccessorImpl.java:43)
	at java.lang.reflect.Method.invoke(Method.java:498)
	at org.testng.internal.MethodInvocationHelper.invokeMethod(MethodInvocationHelper.java:124)
	at org.testng.internal.Invoker.invokeMethod(Invoker.java:571)
	at org.testng.internal.Invoker.invokeTestMethod(Invoker.java:707)
	at org.testng.internal.Invoker.invokeTestMethods(Invoker.java:979)
	at org.testng.internal.TestMethodWorker.invokeTestMethods(TestMethodWorker.java:125)
	at org.testng.internal.TestMethodWorker.run(TestMethodWorker.java:109)
	at org.testng.TestRunner.privateRun(TestRunner.java:648)
	at org.testng.TestRunner.run(TestRunner.java:505)
	at org.testng.SuiteRunner.runTest(SuiteRunner.java:455)
	at org.testng.SuiteRunner.runSequentially(SuiteRunner.java:450)
	at org.testng.SuiteRunner.privateRun(SuiteRunner.java:415)
	at org.testng.SuiteRunner.run(SuiteRunner.java:364)
	at org.testng.SuiteRunnerWorker.runSuite(SuiteRunnerWorker.java:52)
	at org.testng.SuiteRunnerWorker.run(SuiteRunnerWorker.java:84)
	at org.testng.TestNG.runSuitesSequentially(TestNG.java:1187)
	at org.testng.TestNG.runSuitesLocally(TestNG.java:1116)
	at org.testng.TestNG.runSuites(TestNG.java:1028)
	at org.testng.TestNG.run(TestNG.java:996)
	at org.testng.IDEARemoteTestNG.run(IDEARemoteTestNG.java:72)
	at org.testng.RemoteTestNGStarter.main(RemoteTestNGStarter.java:123)
</stack-trace>
            </failure>
            <steps/>
            <attachments>
                <attachment title="Page screenshot" source="646a635c-66fe-4da3-8338-1a227d4b7a43-attachment.png" type="image/png"/>
            </attachments>
            <labels>
                <label name="testSuite" value="Default Suite"/>
                <label name="testGroup" value="Test_VTB"/>
                <label name="testClass" value="com.dilara.badretdinova.AuthorizationTest"/>
                <label name="testMethod" value="authorization"/>
                <label name="host" value="DESKTOP-L22C96I"/>
                <label name="thread" value="38280@DESKTOP-L22C96I.main(1)"/>
            </labels>
        </test-case>
        <test-case start="1518181357802" stop="1518181358093" status="passed">
            <name>clickButtonCreateNewPP</name>
            <title>Кнопка 'Создать ПП'</title>
            <description type="text">Проверка кнопки 'Создать ПП'</description>
            <steps/>
            <attachments/>
            <labels>
                <label name="testSuite" value="Default Suite"/>
                <label name="testGroup" value="Test_VTB"/>
                <label name="testClass" value="com.dilara.badretdinova.ButtonCreateNewPPTest"/>
                <label name="testMethod" value="clickButtonCreateNewPP"/>
                <label name="host" value="DESKTOP-L22C96I"/>
                <label name="thread" value="38280@DESKTOP-L22C96I.main(1)"/>
            </labels>
        </test-case>
        <test-case start="1518181360152" stop="1518181361436" status="passed">
            <name>verificationCodeEnter</name>
            <title>Проверка поля Код</title>
            <steps/>
            <attachments/>
            <labels>
                <label name="testSuite" value="Default Suite"/>
                <label name="testGroup" value="Test_VTB"/>
                <label name="testClass" value="com.dilara.badretdinova.CreateNewDocPPTest"/>
                <label name="testMethod" value="verificationCodeEnter"/>
                <label name="host" value="DESKTOP-L22C96I"/>
                <label name="thread" value="38280@DESKTOP-L22C96I.main(1)"/>
            </labels>
        </test-case>
        <test-case start="1518181363732" stop="1518181364723" status="passed">
            <name>verificationDocDate</name>
            <title>Проверка поля Дата документа</title>
            <steps/>
            <attachments/>
            <labels>
                <label name="testSuite" value="Default Suite"/>
                <label name="testGroup" value="Test_VTB"/>
                <label name="testClass" value="com.dilara.badretdinova.CreateNewDocPPTest"/>
                <label name="testMethod" value="verificationDocDate"/>
                <label name="host" value="DESKTOP-L22C96I"/>
                <label name="thread" value="38280@DESKTOP-L22C96I.main(1)"/>
            </labels>
        </test-case>
        <test-case start="1518181366528" stop="1518181367705" status="failed">
            <name>verificationDocNumber</name>
            <title>Проверка поля Номер документа</title>
            <failure>
                <message>AssertionError: expected [249198] but found [197]</message>
                <stack-trace>java.lang.AssertionError: expected [249198] but found [197]
	at org.testng.Assert.fail(Assert.java:96)
	at org.testng.Assert.failNotEquals(Assert.java:776)
	at org.testng.Assert.assertEqualsImpl(Assert.java:137)
	at org.testng.Assert.assertEquals(Assert.java:118)
	at org.testng.Assert.assertEquals(Assert.java:453)
	at org.testng.Assert.assertEquals(Assert.java:463)
	at com.dilara.badretdinova.CreateNewDocPPTest.verificationDocNumber(CreateNewDocPPTest.java:47)
	at sun.reflect.NativeMethodAccessorImpl.invoke0(Native Method)
	at sun.reflect.NativeMethodAccessorImpl.invoke(NativeMethodAccessorImpl.java:62)
	at sun.reflect.DelegatingMethodAccessorImpl.invoke(DelegatingMethodAccessorImpl.java:43)
	at java.lang.reflect.Method.invoke(Method.java:498)
	at org.testng.internal.MethodInvocationHelper.invokeMethod(MethodInvocationHelper.java:124)
	at org.testng.internal.Invoker.invokeMethod(Invoker.java:571)
	at org.testng.internal.Invoker.invokeTestMethod(Invoker.java:707)
	at org.testng.internal.Invoker.invokeTestMethods(Invoker.java:979)
	at org.testng.internal.TestMethodWorker.invokeTestMethods(TestMethodWorker.java:125)
	at org.testng.internal.TestMethodWorker.run(TestMethodWorker.java:109)
	at org.testng.TestRunner.privateRun(TestRunner.java:648)
	at org.testng.TestRunner.run(TestRunner.java:505)
	at org.testng.SuiteRunner.runTest(SuiteRunner.java:455)
	at org.testng.SuiteRunner.runSequentially(SuiteRunner.java:450)
	at org.testng.SuiteRunner.privateRun(SuiteRunner.java:415)
	at org.testng.SuiteRunner.run(SuiteRunner.java:364)
	at org.testng.SuiteRunnerWorker.runSuite(SuiteRunnerWorker.java:52)
	at org.testng.SuiteRunnerWorker.run(SuiteRunnerWorker.java:84)
	at org.testng.TestNG.runSuitesSequentially(TestNG.java:1187)
	at org.testng.TestNG.runSuitesLocally(TestNG.java:1116)
	at org.testng.TestNG.runSuites(TestNG.java:1028)
	at org.testng.TestNG.run(TestNG.java:996)
	at org.testng.IDEARemoteTestNG.run(IDEARemoteTestNG.java:72)
	at org.testng.RemoteTestNGStarter.main(RemoteTestNGStarter.java:123)
</stack-trace>
            </failure>
            <steps/>
            <attachments>
                <attachment title="Page screenshot" source="c932d295-69c6-488b-821d-6cdea6e77fee-attachment.png" type="image/png"/>
            </attachments>
            <labels>
                <label name="testSuite" value="Default Suite"/>
                <label name="testGroup" value="Test_VTB"/>
                <label name="testClass" value="com.dilara.badretdinova.CreateNewDocPPTest"/>
                <label name="testMethod" value="verificationDocNumber"/>
                <label name="host" value="DESKTOP-L22C96I"/>
                <label name="thread" value="38280@DESKTOP-L22C96I.main(1)"/>
            </labels>
        </test-case>
        <test-case start="1518181369555" stop="1518181370907" status="passed">
            <name>verificationPriorityTypeOfPayment</name>
            <title>Проверка Очередность платежа</title>
            <steps/>
            <attachments/>
            <labels>
                <label name="testSuite" value="Default Suite"/>
                <label name="testGroup" value="Test_VTB"/>
                <label name="testClass" value="com.dilara.badretdinova.CreateNewDocPPTest"/>
                <label name="testMethod" value="verificationPriorityTypeOfPayment"/>
                <label name="host" value="DESKTOP-L22C96I"/>
                <label name="thread" value="38280@DESKTOP-L22C96I.main(1)"/>
            </labels>
        </test-case>
        <test-case start="1518181373171" stop="1518181375069" status="passed">
            <name>verificationTemplate</name>
            <title>Проверка списка Шаблоны</title>
            <steps/>
            <attachments/>
            <labels>
                <label name="testSuite" value="Default Suite"/>
                <label name="testGroup" value="Test_VTB"/>
                <label name="testClass" value="com.dilara.badretdinova.CreateNewDocPPTest"/>
                <label name="testMethod" value="verificationTemplate"/>
                <label name="host" value="DESKTOP-L22C96I"/>
                <label name="thread" value="38280@DESKTOP-L22C96I.main(1)"/>
            </labels>
        </test-case>
        <test-case start="1518181376802" stop="1518181377640" status="passed">
            <name>verificationTypePayment</name>
            <title>Проверка списка Вид платежа</title>
            <steps/>
            <attachments/>
            <labels>
                <label name="testSuite" value="Default Suite"/>
                <label name="testGroup" value="Test_VTB"/>
                <label name="testClass" value="com.dilara.badretdinova.CreateNewDocPPTest"/>
                <label name="testMethod" value="verificationTypePayment"/>
                <label name="host" value="DESKTOP-L22C96I"/>
                <label name="thread" value="38280@DESKTOP-L22C96I.main(1)"/>
            </labels>
        </test-case>
        <test-case start="1518181379406" stop="1518181381291" status="passed">
            <name>deleteMessage</name>
            <title>Удаление сообщения из справочника</title>
            <description type="text">Создать новое сообщение, затем отменить удаление и удалить</description>
            <steps/>
            <attachments/>
            <labels>
                <label name="testSuite" value="Default Suite"/>
                <label name="testGroup" value="Test_VTB"/>
                <label name="testClass" value="com.dilara.badretdinova.DeleteMessagesTest"/>
                <label name="testMethod" value="deleteMessage"/>
                <label name="host" value="DESKTOP-L22C96I"/>
                <label name="thread" value="38280@DESKTOP-L22C96I.main(1)"/>
            </labels>
        </test-case>
    </test-cases>
    <labels>
        <label name="framework" value="TestNG"/>
        <label name="language" value="JAVA"/>
    </labels>
</ns2:test-suite>
